This is a new spell but I can't get it to compile:


Compile log for prism54-cvs 20050108 Built on Sat Jan  8 12:36:44 UTC 2005
Using gcc version: 3.3.3
Using gcc version: 3.3.3
Installing in dir: /usr/src/prism54-cvs-latest
prism54-cvs    20050108
make[1]: Entering directory `/usr/src/prism54-cvs-latest'
/usr/bin/make -C ksrc/ modules
make[2]: Entering directory `/usr/src/prism54-cvs-latest/ksrc'
/usr/bin/make -C /lib/modules/2.6.10/build SUBDIRS=/usr/src/prism54-cvs-latest/ksrc modules
make[3]: Entering directory `/usr/src/linux-2.6.10'
  CC [M]  /usr/src/prism54-cvs-latest/ksrc/islpci_eth.o
/usr/src/prism54-cvs-latest/ksrc/islpci_eth.c: In function `islpci_eth_transmit':
/usr/src/prism54-cvs-latest/ksrc/islpci_eth.c:93: warning: unused variable `wds_mac'
/usr/src/prism54-cvs-latest/ksrc/islpci_eth.c: In function `islpci_eth_receive':
/usr/src/prism54-cvs-latest/ksrc/islpci_eth.c:359: warning: unused variable `src'
  CC [M]  /usr/src/prism54-cvs-latest/ksrc/islpci_mgt.o
/usr/src/prism54-cvs-latest/ksrc/islpci_mgt.c: In function `islpci_mgt_receive':
/usr/src/prism54-cvs-latest/ksrc/islpci_mgt.c:347: warning: implicit declaration of function `pci_dma_sync_single'
  CC [M]  /usr/src/prism54-cvs-latest/ksrc/isl_38xx.o
  CC [M]  /usr/src/prism54-cvs-latest/ksrc/isl_ioctl.o
  CC [M]  /usr/src/prism54-cvs-latest/ksrc/islpci_dev.o
  CC [M]  /usr/src/prism54-cvs-latest/ksrc/islpci_hotplug.o
/usr/src/prism54-cvs-latest/ksrc/islpci_hotplug.c: In function `prism54_suspend':
/usr/src/prism54-cvs-latest/ksrc/islpci_hotplug.c:280: error: too many arguments to function `pci_save_state'
/usr/src/prism54-cvs-latest/ksrc/islpci_hotplug.c: In function `prism54_resume':
/usr/src/prism54-cvs-latest/ksrc/islpci_hotplug.c:306: error: too many arguments to function `pci_restore_state'
make[4]: *** [/usr/src/prism54-cvs-latest/ksrc/islpci_hotplug.o] Error 1
make[3]: Leaving directory `/usr/src/linux-2.6.10'
make[3]: *** [_module_/usr/src/prism54-cvs-latest/ksrc] Error 2
make[2]: Leaving directory `/usr/src/prism54-cvs-latest/ksrc'
make[2]: *** [modules] Error 2
make[1]: Leaving directory `/usr/src/prism54-cvs-latest'
[31m[1m ! Problem Detected ! [0m
make[1]: *** [modules-all] Error 2
