Fails with:
g++ -DHAVE_CONFIG_H -I. -I. -I.     -O -march=pentium3 -mmmx -mfpmath=sse -msse -pipe -DPIC -fPIC -Os -I/usr/lib/gtkmm/include -I/usr/include/gtk-1.2 -I/usr/include/glib-1.2 -I/usr/lib/glib/include -I/usr/X11R6/include -I/usr/lib/sigc++-1.0/include -I/usr/include/sigc++-1.0 -Wall -c -o mutex.o `test -f 'mutex.cpp' || echo './'`mutex.cpp
mutex.cpp:24: error: parse error before `.' token
make[3]: *** [mutex.o] Error 1
make[3]: Leaving directory `/usr/src/seq24-0.5.2/src'
